<?xml version="1.0" encoding="UTF-8"?>
<!-- Generated by org.testng.reporters.JUnitReportReporter -->
<testsuite hostname="Rabi" name="testcases.VerifyLoginPageWithReports" tests="1" failures="0" timestamp="15 Jan 2017 10:52:06 GMT" time="47.437" errors="0">
  <testcase name="testHomePage" time="47.437" classname="testcases.VerifyLoginPageWithReports"/>
</testsuite> <!-- testcases.VerifyLoginPageWithReports -->
