<?xml version="1.0" encoding="UTF-8"?>
<!-- Generated by org.testng.reporters.JUnitReportReporter -->
<testsuite hostname="Rabi" name="testcases.VerifyLoginPage" tests="1" failures="0" timestamp="14 Jan 2017 15:22:49 GMT" time="7.973" errors="0">
  <testcase name="testHomePage" time="7.973" classname="testcases.VerifyLoginPage"/>
</testsuite> <!-- testcases.VerifyLoginPage -->
